2024-09-25 14:01:08,691:INFO:Configuratie geladen.
2024-09-25 14:01:11,575:INFO:Seriële verbinding geopend en klaar voor communicatie.
2024-09-25 14:01:11,575:INFO:Seriële verbinding geopend op COM22 met baudrate 9600
2024-09-25 14:01:11,999:INFO:Ontvangen: 25/09/2024 13:01:15 23.06      0  -0.122  4.01     0.9    11.5
2024-09-25 14:01:12,445:INFO:Ontvangen: 25/09/2024 13:01:15 23.06      0  -0.123  4.00     1.2    11.5
2024-09-25 14:01:12,960:INFO:Ontvangen: 25/09/2024 13:01:16 23.06      0  -0.123  4.00     1.2    11.6
2024-09-25 14:01:13,465:INFO:Ontvangen: 25/09/2024 13:01:16 23.06      0  -0.123  4.00     0.9    11.5
2024-09-25 14:01:13,975:INFO:Ontvangen: 25/09/2024 13:01:17 23.06      0  -0.123  4.00     1.0    11.5
2024-09-25 14:01:14,499:INFO:Ontvangen: 25/09/2024 13:01:17 23.06      0  -0.123  4.00     1.1    11.5
2024-09-25 14:01:15,014:INFO:Ontvangen: 25/09/2024 13:01:18 23.06      0  -0.124  4.00     1.2    11.6
2024-09-25 14:01:15,014:INFO:Ontvangen: ==============================================================
2024-09-25 14:01:15,124:INFO:Ontvangen: Date     Time  Temp   Cond   Depth    pH Turbid+ Battery
2024-09-25 14:01:15,242:INFO:Ontvangen: d/m/y hh:mm:ss     C  uS/cm  meters           NTU   volts
2024-09-25 14:01:15,243:INFO:Ontvangen: --------------------------------------------------------------
2024-09-25 14:01:15,347:INFO:Ontvangen: *** 1-LOG last sample   2-LOG ON/OFF, 3-Clean optics ***
2024-09-25 14:01:15,964:INFO:Ontvangen: 25/09/2024 13:01:19 23.06      0  -0.123  4.00     1.2    11.6
2024-09-25 14:01:16,074:INFO:Beginnen met het verwerken van binnenkomende data...
2024-09-25 14:01:16,474:INFO:Ontvangen: 25/09/2024 13:01:19 23.06      0  -0.123  4.00     1.3    11.5
2024-09-25 14:01:16,997:INFO:Ontvangen: 25/09/2024 13:01:20 23.06      0  -0.123  4.00     1.0    11.6
2024-09-25 14:01:17,531:INFO:Ontvangen: 25/09/2024 13:01:20 23.06      0  -0.123  4.00     0.9    11.5
2024-09-25 14:01:17,962:INFO:Ontvangen: 25/09/2024 13:01:21 23.06      0  -0.123  3.99     1.3    11.5
2024-09-25 14:01:18,498:INFO:Ontvangen: 25/09/2024 13:01:21 23.06      0  -0.123  3.99     0.9    11.5
2024-09-25 14:01:19,030:INFO:Ontvangen: 25/09/2024 13:01:22 23.06      0  -0.123  4.00     1.0    11.6
2024-09-25 14:01:19,463:INFO:Ontvangen: 25/09/2024 13:01:22 23.06      0  -0.123  3.99     0.9    11.5
2024-09-25 14:01:19,992:INFO:Ontvangen: 25/09/2024 13:01:23 23.06      0  -0.124  3.99     0.8    11.6
2024-09-25 14:01:20,511:INFO:Ontvangen: 25/09/2024 13:01:23 23.06      0  -0.122  3.99     1.0    11.5
2024-09-25 14:01:21,045:INFO:Ontvangen: 25/09/2024 13:01:24 23.06      0  -0.124  3.98     1.1    11.6
2024-09-25 14:01:21,473:INFO:Ontvangen: 25/09/2024 13:01:24 23.06      0  -0.124  3.99     1.1    11.5
2024-09-25 14:01:22,009:INFO:Ontvangen: 25/09/2024 13:01:25 23.06      0  -0.123  3.99     1.0    11.5
2024-09-25 14:01:22,431:INFO:Ontvangen: 25/09/2024 13:01:25 23.06      0  -0.123  3.98     1.2    11.5
2024-09-25 14:01:22,954:INFO:Ontvangen: 25/09/2024 13:01:26 23.06      0  -0.123  3.98     1.0    11.5
2024-09-25 14:01:23,471:INFO:Ontvangen: 25/09/2024 13:01:26 23.07      0  -0.123  3.98     1.2    11.5
2024-09-25 14:01:23,996:INFO:Ontvangen: 25/09/2024 13:01:27 23.06      0  -0.123  3.98     1.1    11.5
2024-09-25 14:01:24,521:INFO:Ontvangen: 25/09/2024 13:01:27 23.06      0  -0.122  3.98     1.1    11.5
2024-09-25 14:01:24,944:INFO:Ontvangen: 25/09/2024 13:01:28 23.07      0  -0.124  3.98     0.9    11.5
2024-09-25 14:01:25,461:INFO:Ontvangen: 25/09/2024 13:01:28 23.07      0  -0.123  3.98     0.9    11.5
2024-09-25 14:01:25,574:INFO:Ontvangen: ==============================================================
2024-09-25 14:01:25,580:INFO:Stoppen met het verwerken van data.
2024-09-25 14:01:25,582:INFO:Ontvangen: Date     Time  Temp   Cond   Depth    pH Turbid+ Battery
2024-09-25 14:01:25,692:INFO:Ontvangen: d/m/y hh:mm:ss     C  uS/cm  meters           NTU   volts
2024-09-25 14:01:25,805:INFO:Ontvangen: --------------------------------------------------------------
2024-09-25 14:01:25,806:INFO:Ontvangen: *** 1-LOG last sample   2-LOG ON/OFF, 3-Clean optics ***
2024-09-25 14:01:26,530:INFO:Ontvangen: 25/09/2024 13:01:29 23.07      0  -0.123  3.98     1.0    11.5
2024-09-25 14:01:26,955:INFO:Ontvangen: 25/09/2024 13:01:30 23.07      0  -0.123  3.97     0.9    11.5
2024-09-25 14:01:27,460:INFO:Ontvangen: 25/09/2024 13:01:30 23.07      0  -0.123  3.97     1.1    11.5
2024-09-25 14:01:27,986:INFO:Ontvangen: 25/09/2024 13:01:31 23.07      0  -0.124  3.97     0.9    11.5
2024-09-25 14:01:28,500:INFO:Ontvangen: 25/09/2024 13:01:31 23.07      0  -0.123  3.97     1.0    11.5
2024-09-25 14:01:29,009:INFO:Ontvangen: 25/09/2024 13:01:32 23.07      0  -0.123  3.97     1.0    11.6
2024-09-25 14:01:29,527:INFO:Ontvangen: 25/09/2024 13:01:32 23.07      0  -0.123  3.97     1.2    11.5
2024-09-25 14:01:29,936:INFO:Ontvangen: 25/09/2024 13:01:33 23.07      0  -0.123  3.97     1.1    11.5
2024-09-25 14:01:30,481:INFO:Ontvangen: 25/09/2024 13:01:33 23.07      0  -0.123  3.97     0.9    11.5
2024-09-25 14:01:30,992:INFO:Ontvangen: 25/09/2024 13:01:34 23.07      0  -0.123  3.97     1.2    11.6
2024-09-25 14:01:31,507:INFO:Ontvangen: 25/09/2024 13:01:34 23.07      0  -0.123  3.97     0.9    11.5
2024-09-25 14:01:32,034:INFO:Ontvangen: 25/09/2024 13:01:35 23.08      0  -0.123  3.97     1.0    11.5
2024-09-25 14:01:32,450:INFO:Ontvangen: 25/09/2024 13:01:35 23.08      0  -0.124  3.97     1.1    11.5
2024-09-25 14:01:32,985:INFO:Ontvangen: 25/09/2024 13:01:36 23.08      0  -0.123  3.97     0.9    11.6
2024-09-25 14:01:33,493:INFO:Ontvangen: 25/09/2024 13:01:36 23.08      0  -0.124  3.97     0.9    11.5
2024-09-25 14:01:34,016:INFO:Ontvangen: 25/09/2024 13:01:37 23.08      0  -0.123  3.97     1.0    11.5
2024-09-25 14:01:34,435:INFO:Ontvangen: 25/09/2024 13:01:37 23.08      0  -0.124  3.97     0.9    11.5
2024-09-25 14:01:34,954:INFO:Ontvangen: 25/09/2024 13:01:38 23.08      0  -0.125  3.98     0.7    11.6
2024-09-25 14:01:35,468:INFO:Ontvangen: 25/09/2024 13:01:38 23.08      0  -0.123  3.96     0.7    11.5
2024-09-25 14:01:36,003:INFO:Ontvangen: 25/09/2024 13:01:39 23.08      0  -0.123  3.98     1.0    11.6
2024-09-25 14:01:36,004:INFO:Ontvangen: ==============================================================
2024-09-25 14:01:36,104:INFO:Ontvangen: Date     Time  Temp   Cond   Depth    pH Turbid+ Battery
2024-09-25 14:01:36,206:INFO:Ontvangen: d/m/y hh:mm:ss     C  uS/cm  meters           NTU   volts
2024-09-25 14:01:36,207:INFO:Ontvangen: --------------------------------------------------------------
2024-09-25 14:01:36,317:INFO:Ontvangen: *** 1-LOG last sample   2-LOG ON/OFF, 3-Clean optics ***
2024-09-25 14:01:36,948:INFO:Ontvangen: 25/09/2024 13:01:40 23.08      0  -0.122  3.98     1.0    11.5
2024-09-25 14:01:37,483:INFO:Ontvangen: 25/09/2024 13:01:40 23.08      0  -0.123  3.97     1.0    11.6
2024-09-25 14:01:37,991:INFO:Ontvangen: 25/09/2024 13:01:41 23.08      0  -0.123  3.97     1.2    11.5
2024-09-25 14:01:38,516:INFO:Ontvangen: 25/09/2024 13:01:41 23.08      0  -0.123  3.97     1.0    11.5
2024-09-25 14:01:38,957:INFO:Ontvangen: 25/09/2024 13:01:42 23.08      0  -0.123  3.98     1.0    11.5
2024-09-25 14:01:39,466:INFO:Ontvangen: 25/09/2024 13:01:42 23.08      0  -0.122  3.98     1.3    11.5
2024-09-25 14:01:40,005:INFO:Ontvangen: 25/09/2024 13:01:43 23.08      0  -0.123  3.98     1.1    11.6
2024-09-25 14:01:40,524:INFO:Ontvangen: 25/09/2024 13:01:43 23.08      0  -0.123  3.98     0.9    11.5
2024-09-25 14:01:40,940:INFO:Ontvangen: 25/09/2024 13:01:44 23.08      0  -0.123  3.98     0.8    11.6
2024-09-25 14:01:41,456:INFO:Ontvangen: 25/09/2024 13:01:44 23.08      0  -0.123  3.98     0.9    11.6
2024-09-25 14:01:41,965:INFO:Ontvangen: 25/09/2024 13:01:45 23.08      0  -0.124  3.98     0.7    11.5
2024-09-25 14:01:42,489:INFO:Ontvangen: 25/09/2024 13:01:45 23.08      0  -0.123  3.98     1.1    11.5
2024-09-25 14:01:43,005:INFO:Ontvangen: 25/09/2024 13:01:46 23.08      0  -0.123  3.98     0.9    11.5
2024-09-25 14:01:43,531:INFO:Ontvangen: 25/09/2024 13:01:46 23.08      0  -0.123  3.99     0.9    11.5
2024-09-25 14:01:43,953:INFO:Ontvangen: 25/09/2024 13:01:47 23.08      0  -0.124  3.99     1.1    11.6
2024-09-25 14:01:44,554:INFO:Ontvangen: 25/09/2024 13:01:47 23.08      0  -0.124  3.99     1.1    11.6
2024-09-25 14:01:44,554:INFO:Seriële verbinding gesloten.
2024-09-25 14:01:44,554:INFO:Seriële verbinding gesloten.
2024-09-25 14:01:47,653:INFO:Lijst met seriële poorten vernieuwd.
2024-09-25 14:06:24,722:INFO:Configuratie geladen.
2024-09-25 14:06:27,420:INFO:Seriële verbinding geopend en klaar voor communicatie.
2024-09-25 14:06:27,420:INFO:Seriële verbinding geopend op COM22 met baudrate 9600
2024-09-25 14:06:27,420:INFO:Ontvangen: -0.125  4.01     1.1    11.5
2024-09-25 14:06:27,945:INFO:Ontvangen: 25/09/2024 13:06:31 23.13      0  -0.125  4.01     1.2    11.6
2024-09-25 14:06:28,473:INFO:Ontvangen: 25/09/2024 13:06:31 23.13      0  -0.124  4.01     0.9    11.5
2024-09-25 14:06:29,009:INFO:Ontvangen: 25/09/2024 13:06:32 23.13      0  -0.125  4.00     1.0    11.6
2024-09-25 14:06:29,429:INFO:Ontvangen: 25/09/2024 13:06:32 23.13      0  -0.124  4.00     0.7    11.5
2024-09-25 14:06:29,963:INFO:Ontvangen: 25/09/2024 13:06:33 23.13      0  -0.123  4.00     0.9    11.6
2024-09-25 14:06:30,065:INFO:Ontvangen: ==============================================================
2024-09-25 14:06:30,065:INFO:Ontvangen: Date     Time  Temp   Cond   Depth    pH Turbid+ Battery
2024-09-25 14:06:30,161:INFO:Ontvangen: d/m/y hh:mm:ss     C  uS/cm  meters           NTU   volts
2024-09-25 14:06:30,262:INFO:Ontvangen: --------------------------------------------------------------
2024-09-25 14:06:30,262:INFO:Ontvangen: *** 1-LOG last sample   2-LOG ON/OFF, 3-Clean optics ***
2024-09-25 14:06:31,002:INFO:Ontvangen: 25/09/2024 13:06:34 23.13      0  -0.123  4.00     1.4    11.6
2024-09-25 14:06:31,515:INFO:Ontvangen: 25/09/2024 13:06:34 23.13      0  -0.125  4.00     1.0    11.5
2024-09-25 14:06:31,924:INFO:Ontvangen: 25/09/2024 13:06:35 23.14      0  -0.126  4.00     1.0    11.5
2024-09-25 14:06:32,452:INFO:Ontvangen: 25/09/2024 13:06:35 23.13      0  -0.124  4.00     1.1    11.6
2024-09-25 14:06:32,975:INFO:Ontvangen: 25/09/2024 13:06:36 23.13      0  -0.124  3.99     0.9    11.5
2024-09-25 14:06:32,975:INFO:Beginnen met het verwerken van binnenkomende data...
2024-09-25 14:06:33,496:INFO:Ontvangen: 25/09/2024 13:06:36 23.13      0  -0.125  3.99     1.0    11.5
2024-09-25 14:06:34,017:INFO:Ontvangen: 25/09/2024 13:06:37 23.13      0  -0.124  3.99     0.9    11.5
2024-09-25 14:06:34,447:INFO:Ontvangen: 25/09/2024 13:06:37 23.13      0  -0.124  3.98     0.9    11.5
2024-09-25 14:06:34,970:INFO:Ontvangen: 25/09/2024 13:06:38 23.14      0  -0.124  3.98     0.8    11.5
2024-09-25 14:06:35,494:INFO:Ontvangen: 25/09/2024 13:06:38 23.14      0  -0.124  3.98     1.0    11.5
2024-09-25 14:06:36,021:INFO:Ontvangen: 25/09/2024 13:06:39 23.13      0  -0.125  3.98     1.0    11.5
2024-09-25 14:06:36,438:INFO:Ontvangen: 25/09/2024 13:06:39 23.13      0  -0.123  3.97     1.0    11.5
2024-09-25 14:06:36,954:INFO:Ontvangen: 25/09/2024 13:06:40 23.14      0  -0.124  3.98     0.9    11.6
2024-09-25 14:06:37,476:INFO:Ontvangen: 25/09/2024 13:06:40 23.14      0  -0.124  3.97     0.7    11.5
2024-09-25 14:06:37,983:INFO:Ontvangen: 25/09/2024 13:06:41 23.14      0  -0.124  3.97     1.0    11.5
2024-09-25 14:06:38,499:INFO:Ontvangen: 25/09/2024 13:06:41 23.14      0  -0.125  3.97     1.1    11.5
2024-09-25 14:06:39,019:INFO:Ontvangen: 25/09/2024 13:06:42 23.14      0  -0.124  3.97     1.0    11.5
2024-09-25 14:06:39,429:INFO:Ontvangen: 25/09/2024 13:06:42 23.14      0  -0.123  3.97     1.1    11.5
2024-09-25 14:06:39,530:INFO:Stoppen met het verwerken van data.
2024-09-25 14:06:39,942:INFO:Ontvangen: 25/09/2024 13:06:43 23.14      0  -0.124  3.97     0.8    11.5
2024-09-25 14:06:40,474:INFO:Ontvangen: 25/09/2024 13:06:43 23.14      0  -0.124  3.97     1.1    11.5
2024-09-25 14:06:40,578:INFO:Ontvangen: ==============================================================
2024-09-25 14:06:40,578:INFO:Ontvangen: Date     Time  Temp   Cond   Depth    pH Turbid+ Battery
2024-09-25 14:06:40,678:INFO:Ontvangen: d/m/y hh:mm:ss     C  uS/cm  meters           NTU   volts
2024-09-25 14:06:40,786:INFO:Ontvangen: --------------------------------------------------------------
2024-09-25 14:06:40,792:INFO:Ontvangen: *** 1-LOG last sample   2-LOG ON/OFF, 3-Clean optics ***
2024-09-25 14:06:41,498:INFO:Ontvangen: 25/09/2024 13:06:44 23.14      0  -0.124  3.97     0.9    11.5
2024-09-25 14:06:42,012:INFO:Ontvangen: 25/09/2024 13:06:45 23.14      0  -0.124  3.97     0.9    11.5
2024-09-25 14:06:42,421:INFO:Ontvangen: 25/09/2024 13:06:45 23.14      0  -0.124  3.97     0.9    11.5
2024-09-25 14:06:42,941:INFO:Ontvangen: 25/09/2024 13:06:46 23.14      0  -0.124  3.97     0.9    11.6
2024-09-25 14:06:43,454:INFO:Ontvangen: 25/09/2024 13:06:46 23.14      0  -0.124  3.97     1.0    11.5
2024-09-25 14:06:44,061:INFO:Ontvangen: 25/09/2024 13:06:47 23.14      0  -0.124  3.97     1.0    11.6
2024-09-25 14:06:44,061:INFO:Seriële verbinding gesloten.
2024-09-25 14:06:44,061:INFO:Seriële verbinding gesloten.
2024-09-25 14:07:59,454:INFO:Configuratie geladen.
